 Tenex Batch System.  Version  3.0 
 Batch job number 246 Started Monday, November 26, 1979 16:17:23
 Maximum log length (lines):  1000
 Maximum elapsed time (minutes): 360
 Maximum CPU time (seconds): 3600
 Input file : <EMACS>EMACS.CTL;2;ASTAFF,26-Nov-79 14:46:11
 Output file : <EMACS>EMACS.LOG;1;ASTAFF,26-Nov-79 14:42:50

 SUMEX-AIM Tenex 1.31.33, SUMEX-AIM Exec 1.54.22

 !!! Hardware problems - save your files often.  Running on 1 CPU !!!

@LOG SCHOEN  STAFF
 Job 26 on TTY144 26-Nov-79 16:17
 Previous login: 26-Nov-79 16:12
 Tenex will go down Thu 11-29-79 1730 til Thu 11-29-79 2359
 for preventive maintenance
@;end of COMAND.CMD
@
@connect emacs
 EMACS over allocation by 2041 pages.
@usestat
 26-Nov-79 16:17, used 0:00:01 in 0:00:13, sched=10%, 1/23
 17!+22! Jobs, LA 4.49 6.34 6.70
@<10/20-sources>midas
   *******  [  16:17:55 (PRIV)   USED 0:00:02 IN 0:00:26  ]  *******
NOTPUR MIDAS.417
*teco
TECO
END OF LOW IMPURE = 3341
IIT JSYS TYPE (0 - NONE, 1 - BBN, 2 - SUMEX): 2
GTTYP index for DM2500 = 11.
GTTYP index for H1500 = 12.
GTTYP index for VT52 = 
GTTYP index for DM1520 = 
GTTYP index for IMLAC = 
GTTYP index for VT05 = 
GTTYP index for TK4025 = 
GTTYP index for VT61 = 
GTTYP index for TL4041 = 
GTTYP index for FOX = 
GTTYP index for HP2645 = 13.
GTTYP index for I400 = 
GTTYP index for TK4023 = 10.
GTTYP index for ANNARB = 
GTTYP index for C100 = 
GTTYP index for IQ120 = 
GTTYP index for VT100 = 
GTTYP index for I100 = 
GTTYP index for TL1061 = 17.
GTTYP index for H19 = 18.
CHNTAB+3        35742   21.   316-061   .ICPOV  Undefined in BLOCK
CHNTAB+4        35743   21.   316-063   .ICTOD  Undefined in BLOCK
CHNTAB+5        35744   21.   316-065   .ICNXP  Undefined in BLOCK
TOP OF PURE = 41755
TECO
GOZ+20          4024     0.    20-044   .TICCC  Undefined in literal
SETTTM+1        4223     0.    24-005   .TICCG  Undefined
FSNQIT+11       20043    0.   141-085   .TICCG  Undefined
FSNQT2+2        20050    0.   141-090   .TICCG  Undefined
SETFRK+17       22317    0.   164-031   .TICCG  Undefined
RETFRK+4        22341    0.   164-056   .TICCG  Undefined
CHNTAB+3        35742    0.   316-061   .ICPOV  Undefined in BLOCK
CHNTAB+4        35743    0.   316-063   .ICTOD  Undefined in BLOCK
CHNTAB+5        35744    0.   316-065   .ICNXP  Undefined in BLOCK
Constants area inclusive
From    To
3334    3341
37700   41554
Run time = 1:20.14
5816 Symbols including initial ones (72% used)
   *******  [  16:24:54 EXEC     USED 0:01:23 IN 0:07:25  ]  *******
@usestat
 26-Nov-79 16:24, used 0:01:22 in 0:07:21, sched=2%, 2/34
 15!+21!+1 Jobs, LA 4.61 5.16 5.91
@iddt
   *******  [  16:24:59 IDDT     USED 0:01:24 IN 0:07:29  ]  *******

;yANK FILE: teco.sav;786

;wRITE SYMBOLS ON FILE: teco.SYMBOLS;785 [Confirm]

purify$$g[_TECO$:PURIFY]
~`u~
 TECO&GETCHR+4/   LDB 15,TECO&BTAB(12)   mmrun$pU   urify$dU   ump$nU   emacs.sav$fU   sexit$$;hU   
^C
   *******  [  16:27:28 EXEC     USED 0:01:31 IN 0:09:59  ]  *******
@usestat
 26-Nov-79 16:27, used 0:01:30 in 0:09:55, sched=2%, 3/99
 18!+21! Jobs, LA 6.06 5.60 5.96
@^C
@LOGOUT
 [New mail from SYSTEM sent 26-Nov-79 16:26]
 EMACS over allocation by 2097 pages.
 [Confirm] 

 Tenex will go down Thu 11-29-79 1730 til Thu 11-29-79 2359
 for preventive maintenance
KILLED JOB 26, USER SCHOEN, ACCT STAFF, TTY 144, AT 11/26/79 1628
  USED 0:1:32 IN 0:10:43
